2025-06-25 18:18:40,480 - INFO - ------------Ingestion Complete-----------------
2025-06-25 18:18:40,480 - INFO - Total Time Taken: {total_time} minutes
2025-06-25 18:18:41,394 - INFO - Ingestingd end_inventory.csv in db
2025-06-25 18:18:48,378 - INFO - ------------Ingestion Complete-----------------
2025-06-25 18:18:48,378 - INFO - Total Time Taken: {total_time} minutes
2025-06-25 18:18:48,378 - INFO - ------------Ingestion Complete-----------------
2025-06-25 18:18:48,378 - INFO - Total Time Taken: {total_time} minutes
2025-06-25 18:19:02,754 - INFO - Ingestingd purchases.csv in db
2025-06-25 18:21:10,750 - INFO - ------------Ingestion Complete-----------------
2025-06-25 18:21:10,750 - INFO - Total Time Taken: {total_time} minutes
2025-06-25 18:21:11,110 - INFO - Ingestingd purchase_prices.csv in db
2025-06-25 18:21:11,601 - INFO - ------------Ingestion Complete-----------------
2025-06-25 18:21:11,606 - INFO - Total Time Taken: {total_time} minutes
2025-06-25 18:22:09,529 - INFO - Ingestingd sales.csv in db
2025-06-25 19:39:09,018 - INFO - ------------Ingestion Complete-----------------
2025-06-25 19:39:09,029 - INFO - Total Time Taken: {total_time} minutes
2025-06-25 19:39:09,029 - INFO - ------------Ingestion Complete-----------------
2025-06-25 19:39:09,029 - INFO - Total Time Taken: {total_time} minutes
2025-06-25 19:39:11,541 - INFO - Ingestingd vendor_invoice.csv in db
2025-06-25 19:39:11,884 - INFO - ------------Ingestion Complete-----------------
2025-06-25 19:39:11,884 - INFO - Total Time Taken: {total_time} minutes
2025-06-25 19:41:58,854 - INFO - ------------Ingestion Complete-----------------
2025-06-25 19:41:58,855 - INFO - Total Time Taken: 0.0 minutes
2025-06-25 19:41:59,535 - INFO - Ingesting end_inventory.csv in db
2025-06-25 19:42:04,817 - INFO - ------------Ingestion Complete-----------------
2025-06-25 19:42:04,817 - INFO - Total Time Taken: 0.09939078092575074 minutes
2025-06-25 19:42:04,817 - INFO - ------------Ingestion Complete-----------------
2025-06-25 19:42:04,817 - INFO - Total Time Taken: 0.09939078092575074 minutes
2025-06-25 19:42:16,737 - INFO - Ingesting purchases.csv in db
2025-06-25 19:44:09,450 - INFO - ------------Ingestion Complete-----------------
2025-06-25 19:44:09,450 - INFO - Total Time Taken: 2.1766077558199566 minutes
2025-06-25 19:44:09,710 - INFO - Ingesting purchase_prices.csv in db
2025-06-25 19:44:10,111 - INFO - ------------Ingestion Complete-----------------
2025-06-25 19:44:10,111 - INFO - Total Time Taken: 2.1876205444335937 minutes
2025-06-25 19:44:54,862 - INFO - Ingesting sales.csv in db
2025-06-26 11:13:31,314 - INFO - ------------Ingestion Complete-----------------
2025-06-26 11:13:31,314 - INFO - Total Time Taken:0.0 minutes
2025-06-26 11:13:31,810 - INFO - Ingesting end_inventory.csv in db
2025-06-26 11:13:35,154 - INFO - ------------Ingestion Complete-----------------
2025-06-26 11:13:35,154 - INFO - Total Time Taken:0.06398854653040568 minutes
2025-06-26 11:13:35,154 - INFO - ------------Ingestion Complete-----------------
2025-06-26 11:13:35,154 - INFO - Total Time Taken:0.06398854653040568 minutes
2025-06-26 11:13:39,808 - INFO - Ingesting purchases.csv in db
2025-06-26 11:14:33,758 - INFO - ------------Ingestion Complete-----------------
2025-06-26 11:14:33,758 - INFO - Total Time Taken:1.0407283226648967 minutes
2025-06-26 11:14:33,934 - INFO - Ingesting purchase_prices.csv in db
2025-06-26 11:14:34,155 - INFO - ------------Ingestion Complete-----------------
2025-06-26 11:14:34,155 - INFO - Total Time Taken:1.0473397374153137 minutes
2025-06-26 11:14:52,473 - INFO - Ingesting sales.csv in db
2025-06-26 11:20:57,589 - INFO - ------------Ingestion Complete-----------------
2025-06-26 11:20:57,597 - INFO - Total Time Taken:7.437795269489288 minutes
2025-06-26 11:20:59,152 - INFO - Ingesting vendor_invoice.csv in db
2025-06-26 11:20:59,301 - INFO - ------------Ingestion Complete-----------------
2025-06-26 11:20:59,301 - INFO - Total Time Taken:7.466439414024353 minutes
